  [1m[35m (4.9ms)[0m  [1m[34mSELECT sqlite_version(*)[0m
  [1m[35m (4.5ms)[0m  [1m[35mCREATE TABLE "schema_migrations" ("version" varchar NOT NULL PRIMARY KEY)[0m
  [1m[35m (4.6ms)[0m  [1m[35mCREATE TABLE "ar_internal_metadata" ("key" varchar NOT NULL PRIMARY KEY, "value" varchar, "created_at" datetime(6) NOT NULL, "updated_at" datetime(6) NOT NULL)[0m
  [1m[35m (0.2ms)[0m  [1m[34mSELECT "schema_migrations"."version" FROM "schema_migrations" ORDER BY "schema_migrations"."version" ASC[0m
Migrating to CreateProjects (20210128203340)
  [1m[35m (0.1ms)[0m  [1m[36mbegin transaction[0m
  [1m[35m (0.7ms)[0m  [1m[35mCREATE TABLE "projects" ("id" integer PRIMARY KEY AUTOINCREMENT NOT NULL, "name" varchar, "desc" varchar, "created_at" datetime(6) NOT NULL, "updated_at" datetime(6) NOT NULL)[0m
  [1m[36mprimary::SchemaMigration Create (0.3ms)[0m  [1m[32mINSERT INTO "schema_migrations" ("version") VALUES (?)[0m  [["version", "20210128203340"]]
  [1m[35m (3.0ms)[0m  [1m[36mcommit transaction[0m
Migrating to CreateBeads (20210128203729)
  [1m[35m (0.1ms)[0m  [1m[36mbegin transaction[0m
  [1m[35m (1.2ms)[0m  [1m[35mCREATE TABLE "beads" ("id" integer PRIMARY KEY AUTOINCREMENT NOT NULL, "name" varchar, "type" varchar, "color" varchar, "created_at" datetime(6) NOT NULL, "updated_at" datetime(6) NOT NULL)[0m
  [1m[36mprimary::SchemaMigration Create (0.7ms)[0m  [1m[32mINSERT INTO "schema_migrations" ("version") VALUES (?)[0m  [["version", "20210128203729"]]
  [1m[35m (5.4ms)[0m  [1m[36mcommit transaction[0m
  [1m[36mActiveRecord::InternalMetadata Load (0.2ms)[0m  [1m[34mSELECT "ar_internal_metadata".* FROM "ar_internal_metadata" WHERE "ar_internal_metadata"."key" = ? LIMIT ?[0m  [["key", "environment"], ["LIMIT", 1]]
  [1m[35m (0.1ms)[0m  [1m[36mbegin transaction[0m
  [1m[36mActiveRecord::InternalMetadata Create (3.7ms)[0m  [1m[32mINSERT INTO "ar_internal_metadata" ("key", "value", "created_at", "updated_at") VALUES (?, ?, ?, ?)[0m  [["key", "environment"], ["value", "development"], ["created_at", "2021-01-29 19:05:41.812974"], ["updated_at", "2021-01-29 19:05:41.812974"]]
  [1m[35m (3.5ms)[0m  [1m[36mcommit transaction[0m
  [1m[35m (0.1ms)[0m  [1m[34mSELECT sqlite_version(*)[0m
  [1m[35m (0.3ms)[0m  [1m[34mSELECT "schema_migrations"."version" FROM "schema_migrations" ORDER BY "schema_migrations"."version" ASC[0m
Started GET "/" for ::1 at 2021-01-29 16:34:27 -0500
  [1m[35m (4.3ms)[0m  [1m[34mSELECT sqlite_version(*)[0m
  [1m[35m (2.2ms)[0m  [1m[34mSELECT "schema_migrations"."version" FROM "schema_migrations" ORDER BY "schema_migrations"."version" ASC[0m
Processing by Rails::WelcomeController#index as HTML
  Rendering /Users/Dina/.rvm/gems/ruby-2.6.1/gems/railties-6.0.3.4/lib/rails/templates/rails/welcome/index.html.erb
  Rendered /Users/Dina/.rvm/gems/ruby-2.6.1/gems/railties-6.0.3.4/lib/rails/templates/rails/welcome/index.html.erb (Duration: 15.5ms | Allocations: 481)
Completed 200 OK in 45ms (Views: 30.4ms | ActiveRecord: 0.0ms | Allocations: 2632)


Started GET "/favicon.ico" for ::1 at 2021-01-29 16:34:28 -0500
  
ActionController::RoutingError (No route matches [GET] "/favicon.ico"):
  
actionpack (6.0.3.4) lib/action_dispatch/middleware/debug_exceptions.rb:36:in `call'
actionpack (6.0.3.4) lib/action_dispatch/middleware/show_exceptions.rb:33:in `call'
railties (6.0.3.4) lib/rails/rack/logger.rb:37:in `call_app'
railties (6.0.3.4) lib/rails/rack/logger.rb:26:in `block in call'
activesupport (6.0.3.4) lib/active_support/tagged_logging.rb:80:in `block in tagged'
activesupport (6.0.3.4) lib/active_support/tagged_logging.rb:28:in `tagged'
activesupport (6.0.3.4) lib/active_support/tagged_logging.rb:80:in `tagged'
railties (6.0.3.4) lib/rails/rack/logger.rb:26:in `call'
actionpack (6.0.3.4) lib/action_dispatch/middleware/remote_ip.rb:81:in `call'
actionpack (6.0.3.4) lib/action_dispatch/middleware/request_id.rb:27:in `call'
rack (2.2.3) lib/rack/runtime.rb:22:in `call'
activesupport (6.0.3.4) lib/active_support/cache/strategy/local_cache_middleware.rb:29:in `call'
actionpack (6.0.3.4) lib/action_dispatch/middleware/executor.rb:14:in `call'
actionpack (6.0.3.4) lib/action_dispatch/middleware/static.rb:126:in `call'
rack (2.2.3) lib/rack/sendfile.rb:110:in `call'
actionpack (6.0.3.4) lib/action_dispatch/middleware/host_authorization.rb:82:in `call'
rack-cors (1.1.1) lib/rack/cors.rb:100:in `call'
railties (6.0.3.4) lib/rails/engine.rb:527:in `call'
puma (4.3.7) lib/puma/configuration.rb:228:in `call'
puma (4.3.7) lib/puma/server.rb:713:in `handle_request'
puma (4.3.7) lib/puma/server.rb:472:in `process_client'
puma (4.3.7) lib/puma/server.rb:328:in `block in run'
puma (4.3.7) lib/puma/thread_pool.rb:134:in `block in spawn_thread'
  [1m[35m (3.9ms)[0m  [1m[34mSELECT sqlite_version(*)[0m
  [1m[35m (2.2ms)[0m  [1m[34mSELECT "schema_migrations"."version" FROM "schema_migrations" ORDER BY "schema_migrations"."version" ASC[0m
  [1m[35m (3.8ms)[0m  [1m[34mSELECT sqlite_version(*)[0m
  [1m[35m (2.7ms)[0m  [1m[34mSELECT "schema_migrations"."version" FROM "schema_migrations" ORDER BY "schema_migrations"."version" ASC[0m
  [1m[35m (0.1ms)[0m  [1m[34mSELECT sqlite_version(*)[0m
  [1m[36mProject Destroy (7.4ms)[0m  [1m[31mDELETE FROM "projects"[0m
  [1m[35m (0.1ms)[0m  [1m[36mbegin transaction[0m
  [1m[36mProject Create (2.7ms)[0m  [1m[32mINSERT INTO "projects" ("name", "desc", "created_at", "updated_at") VALUES (?, ?, ?, ?)[0m  [["name", "dragonball"], ["desc", "Favorite wishing sphere in the dragonball universe"], ["created_at", "2021-01-29 21:36:20.554612"], ["updated_at", "2021-01-29 21:36:20.554612"]]
  [1m[35m (3.2ms)[0m  [1m[36mcommit transaction[0m
  [1m[35m (0.1ms)[0m  [1m[36mbegin transaction[0m
  [1m[36mProject Create (0.6ms)[0m  [1m[32mINSERT INTO "projects" ("name", "desc", "created_at", "updated_at") VALUES (?, ?, ?, ?)[0m  [["name", "pokeball"], ["desc", "Jail sphere for amazing fantastical animals"], ["created_at", "2021-01-29 21:36:20.575101"], ["updated_at", "2021-01-29 21:36:20.575101"]]
  [1m[35m (2.6ms)[0m  [1m[36mcommit transaction[0m
  [1m[35m (0.1ms)[0m  [1m[36mbegin transaction[0m
  [1m[36mProject Create (0.5ms)[0m  [1m[32mINSERT INTO "projects" ("name", "desc", "created_at", "updated_at") VALUES (?, ?, ?, ?)[0m  [["name", "jigglypuff"], ["desc", "Round singy sphere of anger"], ["created_at", "2021-01-29 21:36:20.587434"], ["updated_at", "2021-01-29 21:36:20.587434"]]
  [1m[35m (2.7ms)[0m  [1m[36mcommit transaction[0m
  [1m[35m (0.1ms)[0m  [1m[36mbegin transaction[0m
  [1m[36mProject Create (0.4ms)[0m  [1m[32mINSERT INTO "projects" ("name", "desc", "created_at", "updated_at") VALUES (?, ?, ?, ?)[0m  [["name", "cateye"], ["desc", "Shiny sphere that see's all"], ["created_at", "2021-01-29 21:36:20.606269"], ["updated_at", "2021-01-29 21:36:20.606269"]]
  [1m[35m (2.5ms)[0m  [1m[36mcommit transaction[0m
  [1m[35m (0.1ms)[0m  [1m[36mbegin transaction[0m
  [1m[36mProject Create (0.4ms)[0m  [1m[32mINSERT INTO "projects" ("name", "desc", "created_at", "updated_at") VALUES (?, ?, ?, ?)[0m  [["name", "butterfly brooch"], ["desc", "Beautifully embroidered butterfly"], ["created_at", "2021-01-29 21:36:20.612487"], ["updated_at", "2021-01-29 21:36:20.612487"]]
  [1m[35m (2.7ms)[0m  [1m[36mcommit transaction[0m
  [1m[35m (3.7ms)[0m  [1m[34mSELECT sqlite_version(*)[0m
  [1m[36mProject Load (5.0ms)[0m  [1m[34mSELECT "projects".* FROM "projects" LIMIT ?[0m  [["LIMIT", 11]]
Started GET "/projects" for ::1 at 2021-01-29 16:37:08 -0500
  [1m[35m (1.4ms)[0m  [1m[34mSELECT sqlite_version(*)[0m
  [1m[35m (2.4ms)[0m  [1m[34mSELECT "schema_migrations"."version" FROM "schema_migrations" ORDER BY "schema_migrations"."version" ASC[0m
Processing by ProjectsController#index as HTML
  [1m[36mProject Load (2.2ms)[0m  [1m[34mSELECT "projects".* FROM "projects"[0m
  ↳ app/controllers/projects_controller.rb:5:in `index'
Completed 200 OK in 26ms (Views: 14.2ms | ActiveRecord: 2.9ms | Allocations: 5581)


Started GET "/projects/1" for ::1 at 2021-01-29 16:37:32 -0500
Processing by ProjectsController#show as HTML
  Parameters: {"id"=>"1"}
Completed 204 No Content in 0ms (ActiveRecord: 0.0ms | Allocations: 31)


Started GET "/projects/1" for ::1 at 2021-01-29 16:50:36 -0500
  [1m[35m (0.1ms)[0m  [1m[34mSELECT sqlite_version(*)[0m
Processing by ProjectsController#show as HTML
  Parameters: {"id"=>"1"}
  [1m[36mProject Load (2.2ms)[0m  [1m[34mSELECT "projects".* FROM "projects" WHERE "projects"."id" = ? LIMIT ?[0m  [["id", 1], ["LIMIT", 1]]
  ↳ app/controllers/projects_controller.rb:9:in `show'
Completed 200 OK in 30ms (Views: 2.5ms | ActiveRecord: 2.2ms | Allocations: 4638)


Started GET "/projects/2" for ::1 at 2021-01-29 16:50:41 -0500
Processing by ProjectsController#show as HTML
  Parameters: {"id"=>"2"}
  [1m[36mProject Load (0.2ms)[0m  [1m[34mSELECT "projects".* FROM "projects" WHERE "projects"."id" = ? LIMIT ?[0m  [["id", 2], ["LIMIT", 1]]
  ↳ app/controllers/projects_controller.rb:9:in `show'
Completed 200 OK in 3ms (Views: 1.0ms | ActiveRecord: 0.2ms | Allocations: 742)


  [1m[35m (3.9ms)[0m  [1m[34mSELECT sqlite_version(*)[0m
  [1m[35m (2.4ms)[0m  [1m[34mSELECT "schema_migrations"."version" FROM "schema_migrations" ORDER BY "schema_migrations"."version" ASC[0m
  [1m[35m (0.1ms)[0m  [1m[34mSELECT sqlite_version(*)[0m
  [1m[36mProject Destroy (6.6ms)[0m  [1m[31mDELETE FROM "projects"[0m
  [1m[36mBead Destroy (10.8ms)[0m  [1m[31mDELETE FROM "beads"[0m
  [1m[35m (0.1ms)[0m  [1m[36mbegin transaction[0m
  [1m[36mProject Create (2.6ms)[0m  [1m[32mINSERT INTO "projects" ("name", "desc", "created_at", "updated_at") VALUES (?, ?, ?, ?)[0m  [["name", "dragonball"], ["desc", "Favorite wishing sphere in the dragonball universe"], ["created_at", "2021-01-29 22:17:52.044447"], ["updated_at", "2021-01-29 22:17:52.044447"]]
  [1m[35m (2.7ms)[0m  [1m[36mcommit transaction[0m
  [1m[35m (0.1ms)[0m  [1m[36mbegin transaction[0m
  [1m[36mProject Create (0.5ms)[0m  [1m[32mINSERT INTO "projects" ("name", "desc", "created_at", "updated_at") VALUES (?, ?, ?, ?)[0m  [["name", "pokeball"], ["desc", "Jail sphere for amazing fantastical animals"], ["created_at", "2021-01-29 22:17:52.068495"], ["updated_at", "2021-01-29 22:17:52.068495"]]
  [1m[35m (2.8ms)[0m  [1m[36mcommit transaction[0m
  [1m[35m (0.1ms)[0m  [1m[36mbegin transaction[0m
  [1m[36mProject Create (0.5ms)[0m  [1m[32mINSERT INTO "projects" ("name", "desc", "created_at", "updated_at") VALUES (?, ?, ?, ?)[0m  [["name", "jigglypuff"], ["desc", "Round singy sphere of anger"], ["created_at", "2021-01-29 22:17:52.092092"], ["updated_at", "2021-01-29 22:17:52.092092"]]
  [1m[35m (14.6ms)[0m  [1m[36mcommit transaction[0m
  [1m[35m (0.1ms)[0m  [1m[36mbegin transaction[0m
  [1m[36mProject Create (0.7ms)[0m  [1m[32mINSERT INTO "projects" ("name", "desc", "created_at", "updated_at") VALUES (?, ?, ?, ?)[0m  [["name", "cateye"], ["desc", "Shiny sphere that see's all"], ["created_at", "2021-01-29 22:17:52.112917"], ["updated_at", "2021-01-29 22:17:52.112917"]]
  [1m[35m (6.4ms)[0m  [1m[36mcommit transaction[0m
  [1m[35m (0.1ms)[0m  [1m[36mbegin transaction[0m
  [1m[36mProject Create (0.7ms)[0m  [1m[32mINSERT INTO "projects" ("name", "desc", "created_at", "updated_at") VALUES (?, ?, ?, ?)[0m  [["name", "butterfly brooch"], ["desc", "Beautifully embroidered butterfly"], ["created_at", "2021-01-29 22:17:52.126874"], ["updated_at", "2021-01-29 22:17:52.126874"]]
  [1m[35m (2.9ms)[0m  [1m[36mcommit transaction[0m
  [1m[35m (2.9ms)[0m  [1m[34mSELECT sqlite_version(*)[0m
  [1m[35m (2.6ms)[0m  [1m[34mSELECT "schema_migrations"."version" FROM "schema_migrations" ORDER BY "schema_migrations"."version" ASC[0m
  [1m[35m (0.2ms)[0m  [1m[34mSELECT "schema_migrations"."version" FROM "schema_migrations" ORDER BY "schema_migrations"."version" ASC[0m
  [1m[35m (0.1ms)[0m  [1m[34mSELECT "schema_migrations"."version" FROM "schema_migrations" ORDER BY "schema_migrations"."version" ASC[0m
  [1m[35m (0.1ms)[0m  [1m[34mSELECT "schema_migrations"."version" FROM "schema_migrations" ORDER BY "schema_migrations"."version" ASC[0m
Migrating to CreateBeads (20210128203729)
  [1m[35m (0.2ms)[0m  [1m[36mbegin transaction[0m
  [1m[35m (8.6ms)[0m  [1m[35mDROP TABLE "beads"[0m
  [1m[36mprimary::SchemaMigration Destroy (24.2ms)[0m  [1m[31mDELETE FROM "schema_migrations" WHERE "schema_migrations"."version" = ?[0m  [["version", "20210128203729"]]
  [1m[35m (2.9ms)[0m  [1m[36mcommit transaction[0m
  [1m[35m (0.1ms)[0m  [1m[34mSELECT sqlite_version(*)[0m
  [1m[35m (0.2ms)[0m  [1m[34mSELECT "schema_migrations"."version" FROM "schema_migrations" ORDER BY "schema_migrations"."version" ASC[0m
  [1m[35m (3.6ms)[0m  [1m[34mSELECT sqlite_version(*)[0m
  [1m[35m (3.5ms)[0m  [1m[34mSELECT "schema_migrations"."version" FROM "schema_migrations" ORDER BY "schema_migrations"."version" ASC[0m
Migrating to CreateBeads (20210128203729)
  [1m[35m (0.2ms)[0m  [1m[36mbegin transaction[0m
  [1m[35m (3.0ms)[0m  [1m[35mCREATE TABLE "beads" ("id" integer PRIMARY KEY AUTOINCREMENT NOT NULL, "name" varchar, "type" varchar, "color" varchar, "project_id" integer, "created_at" datetime(6) NOT NULL, "updated_at" datetime(6) NOT NULL)[0m
  [1m[36mprimary::SchemaMigration Create (2.3ms)[0m  [1m[32mINSERT INTO "schema_migrations" ("version") VALUES (?)[0m  [["version", "20210128203729"]]
  [1m[35m (4.0ms)[0m  [1m[36mcommit transaction[0m
  [1m[36mActiveRecord::InternalMetadata Load (3.3ms)[0m  [1m[34mSELECT "ar_internal_metadata".* FROM "ar_internal_metadata" WHERE "ar_internal_metadata"."key" = ? LIMIT ?[0m  [["key", "environment"], ["LIMIT", 1]]
  [1m[35m (0.1ms)[0m  [1m[34mSELECT sqlite_version(*)[0m
  [1m[35m (0.3ms)[0m  [1m[34mSELECT "schema_migrations"."version" FROM "schema_migrations" ORDER BY "schema_migrations"."version" ASC[0m
  [1m[35m (4.0ms)[0m  [1m[34mSELECT sqlite_version(*)[0m
  [1m[35m (2.5ms)[0m  [1m[34mSELECT "schema_migrations"."version" FROM "schema_migrations" ORDER BY "schema_migrations"."version" ASC[0m
  [1m[35m (0.1ms)[0m  [1m[34mSELECT sqlite_version(*)[0m
  [1m[36mProject Destroy (5.9ms)[0m  [1m[31mDELETE FROM "projects"[0m
  [1m[36mBead Destroy (6.3ms)[0m  [1m[31mDELETE FROM "beads"[0m
  [1m[35m (0.1ms)[0m  [1m[36mbegin transaction[0m
  [1m[36mProject Create (2.5ms)[0m  [1m[32mINSERT INTO "projects" ("name", "desc", "created_at", "updated_at") VALUES (?, ?, ?, ?)[0m  [["name", "dragonball"], ["desc", "Favorite wishing sphere in the dragonball universe"], ["created_at", "2021-01-29 22:22:26.992710"], ["updated_at", "2021-01-29 22:22:26.992710"]]
  [1m[35m (2.7ms)[0m  [1m[36mcommit transaction[0m
  [1m[35m (0.1ms)[0m  [1m[36mbegin transaction[0m
  [1m[36mProject Create (0.7ms)[0m  [1m[32mINSERT INTO "projects" ("name", "desc", "created_at", "updated_at") VALUES (?, ?, ?, ?)[0m  [["name", "pokeball"], ["desc", "Jail sphere for amazing fantastical animals"], ["created_at", "2021-01-29 22:22:27.021822"], ["updated_at", "2021-01-29 22:22:27.021822"]]
  [1m[35m (2.4ms)[0m  [1m[36mcommit transaction[0m
  [1m[35m (0.1ms)[0m  [1m[36mbegin transaction[0m
  [1m[36mProject Create (0.5ms)[0m  [1m[32mINSERT INTO "projects" ("name", "desc", "created_at", "updated_at") VALUES (?, ?, ?, ?)[0m  [["name", "jigglypuff"], ["desc", "Round singy sphere of anger"], ["created_at", "2021-01-29 22:22:27.029762"], ["updated_at", "2021-01-29 22:22:27.029762"]]
  [1m[35m (2.8ms)[0m  [1m[36mcommit transaction[0m
  [1m[35m (0.1ms)[0m  [1m[36mbegin transaction[0m
  [1m[36mProject Create (0.4ms)[0m  [1m[32mINSERT INTO "projects" ("name", "desc", "created_at", "updated_at") VALUES (?, ?, ?, ?)[0m  [["name", "cateye"], ["desc", "Shiny sphere that see's all"], ["created_at", "2021-01-29 22:22:27.036878"], ["updated_at", "2021-01-29 22:22:27.036878"]]
  [1m[35m (2.7ms)[0m  [1m[36mcommit transaction[0m
  [1m[35m (0.1ms)[0m  [1m[36mbegin transaction[0m
  [1m[36mProject Create (0.5ms)[0m  [1m[32mINSERT INTO "projects" ("name", "desc", "created_at", "updated_at") VALUES (?, ?, ?, ?)[0m  [["name", "butterfly brooch"], ["desc", "Beautifully embroidered butterfly"], ["created_at", "2021-01-29 22:22:27.043472"], ["updated_at", "2021-01-29 22:22:27.043472"]]
  [1m[35m (2.9ms)[0m  [1m[36mcommit transaction[0m
  [1m[35m (3.9ms)[0m  [1m[34mSELECT sqlite_version(*)[0m
  [1m[35m (2.5ms)[0m  [1m[34mSELECT "schema_migrations"."version" FROM "schema_migrations" ORDER BY "schema_migrations"."version" ASC[0m
  [1m[35m (0.1ms)[0m  [1m[34mSELECT sqlite_version(*)[0m
  [1m[36mProject Destroy (6.4ms)[0m  [1m[31mDELETE FROM "projects"[0m
  [1m[36mBead Destroy (6.6ms)[0m  [1m[31mDELETE FROM "beads"[0m
  [1m[35m (0.1ms)[0m  [1m[36mbegin transaction[0m
  [1m[36mProject Create (2.5ms)[0m  [1m[32mINSERT INTO "projects" ("name", "desc", "created_at", "updated_at") VALUES (?, ?, ?, ?)[0m  [["name", "dragonball"], ["desc", "Favorite wishing sphere in the dragonball universe"], ["created_at", "2021-01-29 22:24:37.173948"], ["updated_at", "2021-01-29 22:24:37.173948"]]
  [1m[35m (2.9ms)[0m  [1m[36mcommit transaction[0m
  [1m[35m (0.1ms)[0m  [1m[36mbegin transaction[0m
  [1m[36mProject Create (0.5ms)[0m  [1m[32mINSERT INTO "projects" ("name", "desc", "created_at", "updated_at") VALUES (?, ?, ?, ?)[0m  [["name", "pokeball"], ["desc", "Jail sphere for amazing fantastical animals"], ["created_at", "2021-01-29 22:24:37.203539"], ["updated_at", "2021-01-29 22:24:37.203539"]]
  [1m[35m (2.8ms)[0m  [1m[36mcommit transaction[0m
  [1m[35m (0.1ms)[0m  [1m[36mbegin transaction[0m
  [1m[36mProject Create (0.4ms)[0m  [1m[32mINSERT INTO "projects" ("name", "desc", "created_at", "updated_at") VALUES (?, ?, ?, ?)[0m  [["name", "jigglypuff"], ["desc", "Round singy sphere of anger"], ["created_at", "2021-01-29 22:24:37.210757"], ["updated_at", "2021-01-29 22:24:37.210757"]]
  [1m[35m (2.8ms)[0m  [1m[36mcommit transaction[0m
  [1m[35m (0.1ms)[0m  [1m[36mbegin transaction[0m
  [1m[36mProject Create (0.5ms)[0m  [1m[32mINSERT INTO "projects" ("name", "desc", "created_at", "updated_at") VALUES (?, ?, ?, ?)[0m  [["name", "cateye"], ["desc", "Shiny sphere that see's all"], ["created_at", "2021-01-29 22:24:37.217954"], ["updated_at", "2021-01-29 22:24:37.217954"]]
  [1m[35m (2.8ms)[0m  [1m[36mcommit transaction[0m
  [1m[35m (0.1ms)[0m  [1m[36mbegin transaction[0m
  [1m[36mProject Create (0.4ms)[0m  [1m[32mINSERT INTO "projects" ("name", "desc", "created_at", "updated_at") VALUES (?, ?, ?, ?)[0m  [["name", "butterfly brooch"], ["desc", "Beautifully embroidered butterfly"], ["created_at", "2021-01-29 22:24:37.225022"], ["updated_at", "2021-01-29 22:24:37.225022"]]
  [1m[35m (2.8ms)[0m  [1m[36mcommit transaction[0m
  [1m[35m (3.0ms)[0m  [1m[34mSELECT sqlite_version(*)[0m
  [1m[35m (2.3ms)[0m  [1m[34mSELECT "schema_migrations"."version" FROM "schema_migrations" ORDER BY "schema_migrations"."version" ASC[0m
  [1m[35m (0.2ms)[0m  [1m[34mSELECT "schema_migrations"."version" FROM "schema_migrations" ORDER BY "schema_migrations"."version" ASC[0m
  [1m[35m (0.2ms)[0m  [1m[34mSELECT "schema_migrations"."version" FROM "schema_migrations" ORDER BY "schema_migrations"."version" ASC[0m
  [1m[35m (0.1ms)[0m  [1m[34mSELECT "schema_migrations"."version" FROM "schema_migrations" ORDER BY "schema_migrations"."version" ASC[0m
Migrating to CreateBeads (20210128203729)
  [1m[35m (0.1ms)[0m  [1m[36mbegin transaction[0m
  [1m[35m (6.0ms)[0m  [1m[35mDROP TABLE "beads"[0m
  [1m[36mprimary::SchemaMigration Destroy (5.0ms)[0m  [1m[31mDELETE FROM "schema_migrations" WHERE "schema_migrations"."version" = ?[0m  [["version", "20210128203729"]]
  [1m[35m (16.9ms)[0m  [1m[36mcommit transaction[0m
  [1m[35m (0.2ms)[0m  [1m[34mSELECT sqlite_version(*)[0m
  [1m[35m (0.4ms)[0m  [1m[34mSELECT "schema_migrations"."version" FROM "schema_migrations" ORDER BY "schema_migrations"."version" ASC[0m
  [1m[35m (3.9ms)[0m  [1m[34mSELECT sqlite_version(*)[0m
  [1m[35m (2.4ms)[0m  [1m[34mSELECT "schema_migrations"."version" FROM "schema_migrations" ORDER BY "schema_migrations"."version" ASC[0m
Migrating to CreateBeads (20210128203729)
  [1m[35m (0.1ms)[0m  [1m[36mbegin transaction[0m
  [1m[35m (3.1ms)[0m  [1m[35mCREATE TABLE "beads" ("id" integer PRIMARY KEY AUTOINCREMENT NOT NULL, "name" varchar, "bead_type" varchar, "color" varchar, "project_id" integer, "created_at" datetime(6) NOT NULL, "updated_at" datetime(6) NOT NULL)[0m
  [1m[36mprimary::SchemaMigration Create (4.9ms)[0m  [1m[32mINSERT INTO "schema_migrations" ("version") VALUES (?)[0m  [["version", "20210128203729"]]
  [1m[35m (4.4ms)[0m  [1m[36mcommit transaction[0m
  [1m[36mActiveRecord::InternalMetadata Load (3.2ms)[0m  [1m[34mSELECT "ar_internal_metadata".* FROM "ar_internal_metadata" WHERE "ar_internal_metadata"."key" = ? LIMIT ?[0m  [["key", "environment"], ["LIMIT", 1]]
  [1m[35m (0.1ms)[0m  [1m[34mSELECT sqlite_version(*)[0m
  [1m[35m (0.2ms)[0m  [1m[34mSELECT "schema_migrations"."version" FROM "schema_migrations" ORDER BY "schema_migrations"."version" ASC[0m
  [1m[35m (7.1ms)[0m  [1m[34mSELECT sqlite_version(*)[0m
  [1m[35m (2.1ms)[0m  [1m[34mSELECT "schema_migrations"."version" FROM "schema_migrations" ORDER BY "schema_migrations"."version" ASC[0m
  [1m[35m (0.1ms)[0m  [1m[34mSELECT sqlite_version(*)[0m
  [1m[36mProject Destroy (6.7ms)[0m  [1m[31mDELETE FROM "projects"[0m
  [1m[36mBead Destroy (3.1ms)[0m  [1m[31mDELETE FROM "beads"[0m
  [1m[35m (0.1ms)[0m  [1m[36mbegin transaction[0m
  [1m[36mProject Create (2.9ms)[0m  [1m[32mINSERT INTO "projects" ("name", "desc", "created_at", "updated_at") VALUES (?, ?, ?, ?)[0m  [["name", "dragonball"], ["desc", "Favorite wishing sphere in the dragonball universe"], ["created_at", "2021-01-29 22:28:21.672242"], ["updated_at", "2021-01-29 22:28:21.672242"]]
  [1m[35m (2.7ms)[0m  [1m[36mcommit transaction[0m
  [1m[35m (0.1ms)[0m  [1m[36mbegin transaction[0m
  [1m[36mProject Create (0.6ms)[0m  [1m[32mINSERT INTO "projects" ("name", "desc", "created_at", "updated_at") VALUES (?, ?, ?, ?)[0m  [["name", "pokeball"], ["desc", "Jail sphere for amazing fantastical animals"], ["created_at", "2021-01-29 22:28:21.692046"], ["updated_at", "2021-01-29 22:28:21.692046"]]
  [1m[35m (2.6ms)[0m  [1m[36mcommit transaction[0m
  [1m[35m (0.1ms)[0m  [1m[36mbegin transaction[0m
  [1m[36mProject Create (0.6ms)[0m  [1m[32mINSERT INTO "projects" ("name", "desc", "created_at", "updated_at") VALUES (?, ?, ?, ?)[0m  [["name", "jigglypuff"], ["desc", "Round singy sphere of anger"], ["created_at", "2021-01-29 22:28:21.712075"], ["updated_at", "2021-01-29 22:28:21.712075"]]
  [1m[35m (0.9ms)[0m  [1m[36mcommit transaction[0m
  [1m[35m (0.1ms)[0m  [1m[36mbegin transaction[0m
  [1m[36mProject Create (0.6ms)[0m  [1m[32mINSERT INTO "projects" ("name", "desc", "created_at", "updated_at") VALUES (?, ?, ?, ?)[0m  [["name", "cateye"], ["desc", "Shiny sphere that see's all"], ["created_at", "2021-01-29 22:28:21.723436"], ["updated_at", "2021-01-29 22:28:21.723436"]]
  [1m[35m (2.2ms)[0m  [1m[36mcommit transaction[0m
  [1m[35m (0.1ms)[0m  [1m[36mbegin transaction[0m
  [1m[36mProject Create (0.5ms)[0m  [1m[32mINSERT INTO "projects" ("name", "desc", "created_at", "updated_at") VALUES (?, ?, ?, ?)[0m  [["name", "butterfly brooch"], ["desc", "Beautifully embroidered butterfly"], ["created_at", "2021-01-29 22:28:21.731128"], ["updated_at", "2021-01-29 22:28:21.731128"]]
  [1m[35m (2.8ms)[0m  [1m[36mcommit transaction[0m
Started GET "/projects/2" for ::1 at 2021-01-29 17:29:17 -0500
  [1m[35m (5.5ms)[0m  [1m[34mSELECT sqlite_version(*)[0m
  [1m[35m (2.2ms)[0m  [1m[34mSELECT "schema_migrations"."version" FROM "schema_migrations" ORDER BY "schema_migrations"."version" ASC[0m
Processing by ProjectsController#show as HTML
  Parameters: {"id"=>"2"}
  [1m[36mProject Load (2.3ms)[0m  [1m[34mSELECT "projects".* FROM "projects" WHERE "projects"."id" = ? LIMIT ?[0m  [["id", 2], ["LIMIT", 1]]
  ↳ app/controllers/projects_controller.rb:9:in `show'
Completed 200 OK in 28ms (Views: 0.5ms | ActiveRecord: 2.8ms | Allocations: 2597)


Started GET "/projects" for ::1 at 2021-01-29 17:29:22 -0500
Processing by ProjectsController#index as HTML
  [1m[36mProject Load (0.5ms)[0m  [1m[34mSELECT "projects".* FROM "projects"[0m
  ↳ app/controllers/projects_controller.rb:5:in `index'
Completed 200 OK in 25ms (Views: 22.0ms | ActiveRecord: 2.4ms | Allocations: 4798)


Started GET "/beads" for ::1 at 2021-01-29 17:29:36 -0500
Processing by BeadsController#index as HTML
  [1m[36mBead Load (2.2ms)[0m  [1m[34mSELECT "beads".* FROM "beads"[0m
  ↳ app/controllers/beads_controller.rb:5:in `index'
Completed 200 OK in 20ms (Views: 3.9ms | ActiveRecord: 3.0ms | Allocations: 1873)


  [1m[35m (3.7ms)[0m  [1m[34mSELECT sqlite_version(*)[0m
  [1m[36mBead Load (2.5ms)[0m  [1m[34mSELECT "beads".* FROM "beads" LIMIT ?[0m  [["LIMIT", 11]]
  [1m[35m (4.8ms)[0m  [1m[34mSELECT sqlite_version(*)[0m
  [1m[35m (2.4ms)[0m  [1m[34mSELECT "schema_migrations"."version" FROM "schema_migrations" ORDER BY "schema_migrations"."version" ASC[0m
  [1m[35m (0.1ms)[0m  [1m[34mSELECT sqlite_version(*)[0m
  [1m[36mProject Destroy (2.7ms)[0m  [1m[31mDELETE FROM "projects"[0m
  [1m[36mBead Destroy (6.3ms)[0m  [1m[31mDELETE FROM "beads"[0m
  [1m[35m (0.1ms)[0m  [1m[36mbegin transaction[0m
  [1m[36mProject Create (1.4ms)[0m  [1m[32mINSERT INTO "projects" ("name", "desc", "created_at", "updated_at") VALUES (?, ?, ?, ?)[0m  [["name", "dragonball"], ["desc", "Favorite wishing sphere in the dragonball universe"], ["created_at", "2021-01-29 22:31:16.803759"], ["updated_at", "2021-01-29 22:31:16.803759"]]
  [1m[35m (3.3ms)[0m  [1m[36mcommit transaction[0m
  [1m[35m (0.2ms)[0m  [1m[36mbegin transaction[0m
  [1m[36mProject Create (0.5ms)[0m  [1m[32mINSERT INTO "projects" ("name", "desc", "created_at", "updated_at") VALUES (?, ?, ?, ?)[0m  [["name", "pokeball"], ["desc", "Jail sphere for amazing fantastical animals"], ["created_at", "2021-01-29 22:31:16.822907"], ["updated_at", "2021-01-29 22:31:16.822907"]]
  [1m[35m (6.7ms)[0m  [1m[36mcommit transaction[0m
  [1m[35m (0.1ms)[0m  [1m[36mbegin transaction[0m
  [1m[36mProject Create (0.7ms)[0m  [1m[32mINSERT INTO "projects" ("name", "desc", "created_at", "updated_at") VALUES (?, ?, ?, ?)[0m  [["name", "jigglypuff"], ["desc", "Round singy sphere of anger"], ["created_at", "2021-01-29 22:31:16.843308"], ["updated_at", "2021-01-29 22:31:16.843308"]]
  [1m[35m (15.4ms)[0m  [1m[36mcommit transaction[0m
  [1m[35m (0.1ms)[0m  [1m[36mbegin transaction[0m
  [1m[36mProject Create (0.7ms)[0m  [1m[32mINSERT INTO "projects" ("name", "desc", "created_at", "updated_at") VALUES (?, ?, ?, ?)[0m  [["name", "cateye"], ["desc", "Shiny sphere that see's all"], ["created_at", "2021-01-29 22:31:16.866351"], ["updated_at", "2021-01-29 22:31:16.866351"]]
  [1m[35m (1.2ms)[0m  [1m[36mcommit transaction[0m
  [1m[35m (0.1ms)[0m  [1m[36mbegin transaction[0m
  [1m[36mProject Create (0.5ms)[0m  [1m[32mINSERT INTO "projects" ("name", "desc", "created_at", "updated_at") VALUES (?, ?, ?, ?)[0m  [["name", "butterfly brooch"], ["desc", "Beautifully embroidered butterfly"], ["created_at", "2021-01-29 22:31:16.873136"], ["updated_at", "2021-01-29 22:31:16.873136"]]
  [1m[35m (2.7ms)[0m  [1m[36mcommit transaction[0m
  [1m[35m (3.8ms)[0m  [1m[34mSELECT sqlite_version(*)[0m
  [1m[36mBead Load (0.3ms)[0m  [1m[34mSELECT "beads".* FROM "beads" LIMIT ?[0m  [["LIMIT", 11]]
  [1m[35m (3.5ms)[0m  [1m[34mSELECT sqlite_version(*)[0m
  [1m[35m (2.4ms)[0m  [1m[34mSELECT "schema_migrations"."version" FROM "schema_migrations" ORDER BY "schema_migrations"."version" ASC[0m
  [1m[35m (3.2ms)[0m  [1m[34mSELECT "ar_internal_metadata"."value" FROM "ar_internal_metadata" WHERE "ar_internal_metadata"."key" = ?[0m  [["key", "environment"]]
  [1m[35m (0.1ms)[0m  [1m[34mSELECT "schema_migrations"."version" FROM "schema_migrations" ORDER BY "schema_migrations"."version" ASC[0m
  [1m[35m (0.2ms)[0m  [1m[34mSELECT "ar_internal_metadata"."value" FROM "ar_internal_metadata" WHERE "ar_internal_metadata"."key" = ?[0m  [["key", "environment"]]
  [1m[35m (0.1ms)[0m  [1m[34mSELECT "schema_migrations"."version" FROM "schema_migrations" ORDER BY "schema_migrations"."version" ASC[0m
  [1m[35m (0.1ms)[0m  [1m[34mSELECT "ar_internal_metadata"."value" FROM "ar_internal_metadata" WHERE "ar_internal_metadata"."key" = ?[0m  [["key", "environment"]]
  [1m[35m (0.1ms)[0m  [1m[34mSELECT sqlite_version(*)[0m
  [1m[35m (0.1ms)[0m  [1m[34mSELECT sqlite_version(*)[0m
  [1m[35m (0.4ms)[0m  [1m[34mSELECT sqlite_version(*)[0m
  [1m[35m (0.3ms)[0m  [1m[35mDROP TABLE IF EXISTS "beads"[0m
  [1m[35m (4.4ms)[0m  [1m[35mCREATE TABLE "beads" ("id" integer PRIMARY KEY AUTOINCREMENT NOT NULL, "name" varchar, "bead_type" varchar, "color" varchar, "project_id" integer, "created_at" datetime(6) NOT NULL, "updated_at" datetime(6) NOT NULL)[0m
  [1m[35m (0.2ms)[0m  [1m[35mDROP TABLE IF EXISTS "projects"[0m
  [1m[35m (29.1ms)[0m  [1m[35mCREATE TABLE "projects" ("id" integer PRIMARY KEY AUTOINCREMENT NOT NULL, "name" varchar, "desc" varchar, "created_at" datetime(6) NOT NULL, "updated_at" datetime(6) NOT NULL)[0m
  [1m[35m (4.4ms)[0m  [1m[35mCREATE TABLE "schema_migrations" ("version" varchar NOT NULL PRIMARY KEY)[0m
  [1m[35m (0.3ms)[0m  [1m[34mSELECT "schema_migrations"."version" FROM "schema_migrations" ORDER BY "schema_migrations"."version" ASC[0m
  [1m[35m (3.4ms)[0m  [1m[32mINSERT INTO "schema_migrations" (version) VALUES (20210128203729)[0m
  [1m[35m (3.3ms)[0m  [1m[32mINSERT INTO "schema_migrations" (version) VALUES
(20210128203340);

[0m
  [1m[35m (3.4ms)[0m  [1m[35mCREATE TABLE "ar_internal_metadata" ("key" varchar NOT NULL PRIMARY KEY, "value" varchar, "created_at" datetime(6) NOT NULL, "updated_at" datetime(6) NOT NULL)[0m
  [1m[36mActiveRecord::InternalMetadata Load (0.2ms)[0m  [1m[34mSELECT "ar_internal_metadata".* FROM "ar_internal_metadata" WHERE "ar_internal_metadata"."key" = ? LIMIT ?[0m  [["key", "environment"], ["LIMIT", 1]]
  [1m[35m (0.1ms)[0m  [1m[36mbegin transaction[0m
  [1m[36mActiveRecord::InternalMetadata Create (0.8ms)[0m  [1m[32mINSERT INTO "ar_internal_metadata" ("key", "value", "created_at", "updated_at") VALUES (?, ?, ?, ?)[0m  [["key", "environment"], ["value", "development"], ["created_at", "2021-01-29 22:33:00.660622"], ["updated_at", "2021-01-29 22:33:00.660622"]]
  [1m[35m (7.4ms)[0m  [1m[36mcommit transaction[0m
  [1m[36mActiveRecord::InternalMetadata Load (0.2ms)[0m  [1m[34mSELECT "ar_internal_metadata".* FROM "ar_internal_metadata" WHERE "ar_internal_metadata"."key" = ? LIMIT ?[0m  [["key", "environment"], ["LIMIT", 1]]
  [1m[36mActiveRecord::InternalMetadata Load (0.2ms)[0m  [1m[34mSELECT "ar_internal_metadata".* FROM "ar_internal_metadata" WHERE "ar_internal_metadata"."key" = ? LIMIT ?[0m  [["key", "schema_sha1"], ["LIMIT", 1]]
  [1m[35m (0.1ms)[0m  [1m[36mbegin transaction[0m
  [1m[36mActiveRecord::InternalMetadata Create (0.9ms)[0m  [1m[32mINSERT INTO "ar_internal_metadata" ("key", "value", "created_at", "updated_at") VALUES (?, ?, ?, ?)[0m  [["key", "schema_sha1"], ["value", "25ada4212d2fae87ca86895016ba690baefa4c8b"], ["created_at", "2021-01-29 22:33:00.682594"], ["updated_at", "2021-01-29 22:33:00.682594"]]
  [1m[35m (2.4ms)[0m  [1m[36mcommit transaction[0m
  [1m[35m (0.1ms)[0m  [1m[34mSELECT sqlite_version(*)[0m
  [1m[35m (0.1ms)[0m  [1m[35mDROP TABLE IF EXISTS "beads"[0m
  [1m[35m (3.5ms)[0m  [1m[35mCREATE TABLE "beads" ("id" integer PRIMARY KEY AUTOINCREMENT NOT NULL, "name" varchar, "bead_type" varchar, "color" varchar, "project_id" integer, "created_at" datetime(6) NOT NULL, "updated_at" datetime(6) NOT NULL)[0m
  [1m[35m (0.2ms)[0m  [1m[35mDROP TABLE IF EXISTS "projects"[0m
  [1m[35m (7.6ms)[0m  [1m[35mCREATE TABLE "projects" ("id" integer PRIMARY KEY AUTOINCREMENT NOT NULL, "name" varchar, "desc" varchar, "created_at" datetime(6) NOT NULL, "updated_at" datetime(6) NOT NULL)[0m
  [1m[35m (2.8ms)[0m  [1m[35mCREATE TABLE "schema_migrations" ("version" varchar NOT NULL PRIMARY KEY)[0m
  [1m[35m (0.4ms)[0m  [1m[34mSELECT "schema_migrations"."version" FROM "schema_migrations" ORDER BY "schema_migrations"."version" ASC[0m
  [1m[35m (3.5ms)[0m  [1m[32mINSERT INTO "schema_migrations" (version) VALUES (20210128203729)[0m
  [1m[35m (4.5ms)[0m  [1m[32mINSERT INTO "schema_migrations" (version) VALUES
(20210128203340);

[0m
  [1m[35m (3.9ms)[0m  [1m[35mCREATE TABLE "ar_internal_metadata" ("key" varchar NOT NULL PRIMARY KEY, "value" varchar, "created_at" datetime(6) NOT NULL, "updated_at" datetime(6) NOT NULL)[0m
  [1m[36mActiveRecord::InternalMetadata Load (0.2ms)[0m  [1m[34mSELECT "ar_internal_metadata".* FROM "ar_internal_metadata" WHERE "ar_internal_metadata"."key" = ? LIMIT ?[0m  [["key", "environment"], ["LIMIT", 1]]
  [1m[35m (0.1ms)[0m  [1m[36mbegin transaction[0m
  [1m[36mActiveRecord::InternalMetadata Create (0.6ms)[0m  [1m[32mINSERT INTO "ar_internal_metadata" ("key", "value", "created_at", "updated_at") VALUES (?, ?, ?, ?)[0m  [["key", "environment"], ["value", "development"], ["created_at", "2021-01-29 22:33:00.759584"], ["updated_at", "2021-01-29 22:33:00.759584"]]
  [1m[35m (1.4ms)[0m  [1m[36mcommit transaction[0m
  [1m[36mActiveRecord::InternalMetadata Load (0.1ms)[0m  [1m[34mSELECT "ar_internal_metadata".* FROM "ar_internal_metadata" WHERE "ar_internal_metadata"."key" = ? LIMIT ?[0m  [["key", "environment"], ["LIMIT", 1]]
  [1m[35m (0.1ms)[0m  [1m[36mbegin transaction[0m
  [1m[36mActiveRecord::InternalMetadata Update (0.4ms)[0m  [1m[33mUPDATE "ar_internal_metadata" SET "value" = ?, "updated_at" = ? WHERE "ar_internal_metadata"."key" = ?[0m  [["value", "test"], ["updated_at", "2021-01-29 22:33:00.780724"], ["key", "environment"]]
  [1m[35m (2.4ms)[0m  [1m[36mcommit transaction[0m
  [1m[36mActiveRecord::InternalMetadata Load (0.2ms)[0m  [1m[34mSELECT "ar_internal_metadata".* FROM "ar_internal_metadata" WHERE "ar_internal_metadata"."key" = ? LIMIT ?[0m  [["key", "schema_sha1"], ["LIMIT", 1]]
  [1m[35m (0.1ms)[0m  [1m[36mbegin transaction[0m
  [1m[36mActiveRecord::InternalMetadata Create (0.4ms)[0m  [1m[32mINSERT INTO "ar_internal_metadata" ("key", "value", "created_at", "updated_at") VALUES (?, ?, ?, ?)[0m  [["key", "schema_sha1"], ["value", "25ada4212d2fae87ca86895016ba690baefa4c8b"], ["created_at", "2021-01-29 22:33:00.790276"], ["updated_at", "2021-01-29 22:33:00.790276"]]
  [1m[35m (2.4ms)[0m  [1m[36mcommit transaction[0m
  [1m[35m (0.1ms)[0m  [1m[34mSELECT sqlite_version(*)[0m
  [1m[35m (0.2ms)[0m  [1m[34mSELECT "schema_migrations"."version" FROM "schema_migrations" ORDER BY "schema_migrations"."version" ASC[0m
  [1m[35m (0.1ms)[0m  [1m[34mSELECT sqlite_version(*)[0m
  [1m[36mProject Destroy (2.9ms)[0m  [1m[31mDELETE FROM "projects"[0m
  [1m[36mBead Destroy (5.5ms)[0m  [1m[31mDELETE FROM "beads"[0m
  [1m[35m (0.1ms)[0m  [1m[36mbegin transaction[0m
  [1m[36mProject Create (0.5ms)[0m  [1m[32mINSERT INTO "projects" ("name", "desc", "created_at", "updated_at") VALUES (?, ?, ?, ?)[0m  [["name", "dragonball"], ["desc", "Favorite wishing sphere in the dragonball universe"], ["created_at", "2021-01-29 22:33:00.843975"], ["updated_at", "2021-01-29 22:33:00.843975"]]
  [1m[35m (2.7ms)[0m  [1m[36mcommit transaction[0m
  [1m[35m (0.1ms)[0m  [1m[36mbegin transaction[0m
  [1m[36mProject Create (0.4ms)[0m  [1m[32mINSERT INTO "projects" ("name", "desc", "created_at", "updated_at") VALUES (?, ?, ?, ?)[0m  [["name", "pokeball"], ["desc", "Jail sphere for amazing fantastical animals"], ["created_at", "2021-01-29 22:33:00.854985"], ["updated_at", "2021-01-29 22:33:00.854985"]]
  [1m[35m (2.8ms)[0m  [1m[36mcommit transaction[0m
  [1m[35m (0.1ms)[0m  [1m[36mbegin transaction[0m
  [1m[36mProject Create (0.4ms)[0m  [1m[32mINSERT INTO "projects" ("name", "desc", "created_at", "updated_at") VALUES (?, ?, ?, ?)[0m  [["name", "jigglypuff"], ["desc", "Round singy sphere of anger"], ["created_at", "2021-01-29 22:33:00.866059"], ["updated_at", "2021-01-29 22:33:00.866059"]]
  [1m[35m (4.1ms)[0m  [1m[36mcommit transaction[0m
  [1m[35m (0.1ms)[0m  [1m[36mbegin transaction[0m
  [1m[36mProject Create (0.4ms)[0m  [1m[32mINSERT INTO "projects" ("name", "desc", "created_at", "updated_at") VALUES (?, ?, ?, ?)[0m  [["name", "cateye"], ["desc", "Shiny sphere that see's all"], ["created_at", "2021-01-29 22:33:00.879817"], ["updated_at", "2021-01-29 22:33:00.879817"]]
  [1m[35m (3.2ms)[0m  [1m[36mcommit transaction[0m
  [1m[35m (0.1ms)[0m  [1m[36mbegin transaction[0m
  [1m[36mProject Create (1.9ms)[0m  [1m[32mINSERT INTO "projects" ("name", "desc", "created_at", "updated_at") VALUES (?, ?, ?, ?)[0m  [["name", "butterfly brooch"], ["desc", "Beautifully embroidered butterfly"], ["created_at", "2021-01-29 22:33:00.891722"], ["updated_at", "2021-01-29 22:33:00.891722"]]
  [1m[35m (1.4ms)[0m  [1m[36mcommit transaction[0m
  [1m[35m (3.6ms)[0m  [1m[34mSELECT sqlite_version(*)[0m
  [1m[35m (2.4ms)[0m  [1m[34mSELECT "schema_migrations"."version" FROM "schema_migrations" ORDER BY "schema_migrations"."version" ASC[0m
  [1m[35m (0.1ms)[0m  [1m[34mSELECT sqlite_version(*)[0m
  [1m[36mProject Destroy (6.6ms)[0m  [1m[31mDELETE FROM "projects"[0m
  [1m[36mBead Destroy (6.6ms)[0m  [1m[31mDELETE FROM "beads"[0m
  [1m[35m (0.1ms)[0m  [1m[36mbegin transaction[0m
  [1m[36mProject Create (2.9ms)[0m  [1m[32mINSERT INTO "projects" ("name", "desc", "created_at", "updated_at") VALUES (?, ?, ?, ?)[0m  [["name", "dragonball"], ["desc", "Favorite wishing sphere in the dragonball universe"], ["created_at", "2021-01-29 22:33:13.814254"], ["updated_at", "2021-01-29 22:33:13.814254"]]
  [1m[35m (2.9ms)[0m  [1m[36mcommit transaction[0m
  [1m[35m (0.1ms)[0m  [1m[36mbegin transaction[0m
  [1m[36mProject Create (0.7ms)[0m  [1m[32mINSERT INTO "projects" ("name", "desc", "created_at", "updated_at") VALUES (?, ?, ?, ?)[0m  [["name", "pokeball"], ["desc", "Jail sphere for amazing fantastical animals"], ["created_at", "2021-01-29 22:33:13.825005"], ["updated_at", "2021-01-29 22:33:13.825005"]]
  [1m[35m (2.6ms)[0m  [1m[36mcommit transaction[0m
  [1m[35m (0.1ms)[0m  [1m[36mbegin transaction[0m
  [1m[36mProject Create (0.5ms)[0m  [1m[32mINSERT INTO "projects" ("name", "desc", "created_at", "updated_at") VALUES (?, ?, ?, ?)[0m  [["name", "jigglypuff"], ["desc", "Round singy sphere of anger"], ["created_at", "2021-01-29 22:33:13.834928"], ["updated_at", "2021-01-29 22:33:13.834928"]]
  [1m[35m (2.8ms)[0m  [1m[36mcommit transaction[0m
  [1m[35m (0.1ms)[0m  [1m[36mbegin transaction[0m
  [1m[36mProject Create (0.5ms)[0m  [1m[32mINSERT INTO "projects" ("name", "desc", "created_at", "updated_at") VALUES (?, ?, ?, ?)[0m  [["name", "cateye"], ["desc", "Shiny sphere that see's all"], ["created_at", "2021-01-29 22:33:13.856830"], ["updated_at", "2021-01-29 22:33:13.856830"]]
  [1m[35m (2.7ms)[0m  [1m[36mcommit transaction[0m
  [1m[35m (0.1ms)[0m  [1m[36mbegin transaction[0m
  [1m[36mProject Create (0.5ms)[0m  [1m[32mINSERT INTO "projects" ("name", "desc", "created_at", "updated_at") VALUES (?, ?, ?, ?)[0m  [["name", "butterfly brooch"], ["desc", "Beautifully embroidered butterfly"], ["created_at", "2021-01-29 22:33:13.871057"], ["updated_at", "2021-01-29 22:33:13.871057"]]
  [1m[35m (2.8ms)[0m  [1m[36mcommit transaction[0m
Started GET "/beads" for ::1 at 2021-01-29 17:33:24 -0500
Processing by BeadsController#index as HTML
  [1m[36mBead Load (0.7ms)[0m  [1m[34mSELECT "beads".* FROM "beads"[0m
  ↳ app/controllers/beads_controller.rb:5:in `index'
Completed 200 OK in 8ms (Views: 5.6ms | ActiveRecord: 0.7ms | Allocations: 790)


Started GET "/beads" for ::1 at 2021-01-29 17:33:27 -0500
Processing by BeadsController#index as HTML
  [1m[36mBead Load (0.1ms)[0m  [1m[34mSELECT "beads".* FROM "beads"[0m
  ↳ app/controllers/beads_controller.rb:5:in `index'
Completed 200 OK in 1ms (Views: 1.1ms | ActiveRecord: 0.1ms | Allocations: 787)


Started GET "/projects" for ::1 at 2021-01-29 17:33:34 -0500
Processing by ProjectsController#index as HTML
  [1m[36mProject Load (0.4ms)[0m  [1m[34mSELECT "projects".* FROM "projects"[0m
  ↳ app/controllers/projects_controller.rb:5:in `index'
Completed 200 OK in 7ms (Views: 6.6ms | ActiveRecord: 0.4ms | Allocations: 1478)


Started GET "/projects" for ::1 at 2021-01-29 17:34:15 -0500
  [1m[35m (3.7ms)[0m  [1m[34mSELECT sqlite_version(*)[0m
  [1m[35m (2.5ms)[0m  [1m[34mSELECT "schema_migrations"."version" FROM "schema_migrations" ORDER BY "schema_migrations"."version" ASC[0m
Processing by ProjectsController#index as HTML
  [1m[36mProject Load (4.8ms)[0m  [1m[34mSELECT "projects".* FROM "projects"[0m
  ↳ app/controllers/projects_controller.rb:5:in `index'
Completed 200 OK in 27ms (Views: 8.4ms | ActiveRecord: 5.7ms | Allocations: 6353)


Started GET "/beads" for ::1 at 2021-01-29 17:34:23 -0500
Processing by BeadsController#index as HTML
  [1m[36mBead Load (2.2ms)[0m  [1m[34mSELECT "beads".* FROM "beads"[0m
  ↳ app/controllers/beads_controller.rb:5:in `index'
Completed 200 OK in 18ms (Views: 3.1ms | ActiveRecord: 2.8ms | Allocations: 1873)


  [1m[35m (3.6ms)[0m  [1m[34mSELECT sqlite_version(*)[0m
  [1m[35m (2.4ms)[0m  [1m[34mSELECT "schema_migrations"."version" FROM "schema_migrations" ORDER BY "schema_migrations"."version" ASC[0m
  [1m[35m (2.6ms)[0m  [1m[34mSELECT "ar_internal_metadata"."value" FROM "ar_internal_metadata" WHERE "ar_internal_metadata"."key" = ?[0m  [["key", "environment"]]
  [1m[35m (0.1ms)[0m  [1m[34mSELECT "schema_migrations"."version" FROM "schema_migrations" ORDER BY "schema_migrations"."version" ASC[0m
  [1m[35m (0.1ms)[0m  [1m[34mSELECT "ar_internal_metadata"."value" FROM "ar_internal_metadata" WHERE "ar_internal_metadata"."key" = ?[0m  [["key", "environment"]]
  [1m[35m (0.1ms)[0m  [1m[34mSELECT "schema_migrations"."version" FROM "schema_migrations" ORDER BY "schema_migrations"."version" ASC[0m
  [1m[35m (0.1ms)[0m  [1m[34mSELECT "ar_internal_metadata"."value" FROM "ar_internal_metadata" WHERE "ar_internal_metadata"."key" = ?[0m  [["key", "environment"]]
  [1m[35m (0.2ms)[0m  [1m[34mSELECT sqlite_version(*)[0m
  [1m[35m (0.1ms)[0m  [1m[34mSELECT sqlite_version(*)[0m
  [1m[35m (0.3ms)[0m  [1m[34mSELECT sqlite_version(*)[0m
  [1m[35m (0.2ms)[0m  [1m[35mDROP TABLE IF EXISTS "beads"[0m
  [1m[35m (3.8ms)[0m  [1m[35mCREATE TABLE "beads" ("id" integer PRIMARY KEY AUTOINCREMENT NOT NULL, "name" varchar, "bead_type" varchar, "color" varchar, "project_id" integer, "created_at" datetime(6) NOT NULL, "updated_at" datetime(6) NOT NULL)[0m
  [1m[35m (0.2ms)[0m  [1m[35mDROP TABLE IF EXISTS "projects"[0m
  [1m[35m (3.1ms)[0m  [1m[35mCREATE TABLE "projects" ("id" integer PRIMARY KEY AUTOINCREMENT NOT NULL, "name" varchar, "desc" varchar, "created_at" datetime(6) NOT NULL, "updated_at" datetime(6) NOT NULL)[0m
  [1m[35m (3.1ms)[0m  [1m[35mCREATE TABLE "schema_migrations" ("version" varchar NOT NULL PRIMARY KEY)[0m
  [1m[35m (0.1ms)[0m  [1m[34mSELECT "schema_migrations"."version" FROM "schema_migrations" ORDER BY "schema_migrations"."version" ASC[0m
  [1m[35m (2.9ms)[0m  [1m[32mINSERT INTO "schema_migrations" (version) VALUES (20210128203729)[0m
  [1m[35m (3.1ms)[0m  [1m[32mINSERT INTO "schema_migrations" (version) VALUES
(20210128203340);

[0m
  [1m[35m (3.0ms)[0m  [1m[35mCREATE TABLE "ar_internal_metadata" ("key" varchar NOT NULL PRIMARY KEY, "value" varchar, "created_at" datetime(6) NOT NULL, "updated_at" datetime(6) NOT NULL)[0m
  [1m[36mActiveRecord::InternalMetadata Load (0.4ms)[0m  [1m[34mSELECT "ar_internal_metadata".* FROM "ar_internal_metadata" WHERE "ar_internal_metadata"."key" = ? LIMIT ?[0m  [["key", "environment"], ["LIMIT", 1]]
  [1m[35m (0.1ms)[0m  [1m[36mbegin transaction[0m
  [1m[36mActiveRecord::InternalMetadata Create (0.5ms)[0m  [1m[32mINSERT INTO "ar_internal_metadata" ("key", "value", "created_at", "updated_at") VALUES (?, ?, ?, ?)[0m  [["key", "environment"], ["value", "development"], ["created_at", "2021-01-31 00:34:47.594547"], ["updated_at", "2021-01-31 00:34:47.594547"]]
  [1m[35m (2.7ms)[0m  [1m[36mcommit transaction[0m
  [1m[36mActiveRecord::InternalMetadata Load (0.2ms)[0m  [1m[34mSELECT "ar_internal_metadata".* FROM "ar_internal_metadata" WHERE "ar_internal_metadata"."key" = ? LIMIT ?[0m  [["key", "environment"], ["LIMIT", 1]]
  [1m[36mActiveRecord::InternalMetadata Load (0.1ms)[0m  [1m[34mSELECT "ar_internal_metadata".* FROM "ar_internal_metadata" WHERE "ar_internal_metadata"."key" = ? LIMIT ?[0m  [["key", "schema_sha1"], ["LIMIT", 1]]
  [1m[35m (0.0ms)[0m  [1m[36mbegin transaction[0m
  [1m[36mActiveRecord::InternalMetadata Create (0.9ms)[0m  [1m[32mINSERT INTO "ar_internal_metadata" ("key", "value", "created_at", "updated_at") VALUES (?, ?, ?, ?)[0m  [["key", "schema_sha1"], ["value", "25ada4212d2fae87ca86895016ba690baefa4c8b"], ["created_at", "2021-01-31 00:34:47.611919"], ["updated_at", "2021-01-31 00:34:47.611919"]]
  [1m[35m (2.6ms)[0m  [1m[36mcommit transaction[0m
  [1m[35m (0.1ms)[0m  [1m[34mSELECT sqlite_version(*)[0m
  [1m[35m (0.1ms)[0m  [1m[35mDROP TABLE IF EXISTS "beads"[0m
  [1m[35m (3.3ms)[0m  [1m[35mCREATE TABLE "beads" ("id" integer PRIMARY KEY AUTOINCREMENT NOT NULL, "name" varchar, "bead_type" varchar, "color" varchar, "project_id" integer, "created_at" datetime(6) NOT NULL, "updated_at" datetime(6) NOT NULL)[0m
  [1m[35m (0.1ms)[0m  [1m[35mDROP TABLE IF EXISTS "projects"[0m
  [1m[35m (2.7ms)[0m  [1m[35mCREATE TABLE "projects" ("id" integer PRIMARY KEY AUTOINCREMENT NOT NULL, "name" varchar, "desc" varchar, "created_at" datetime(6) NOT NULL, "updated_at" datetime(6) NOT NULL)[0m
  [1m[35m (2.5ms)[0m  [1m[35mCREATE TABLE "schema_migrations" ("version" varchar NOT NULL PRIMARY KEY)[0m
  [1m[35m (0.1ms)[0m  [1m[34mSELECT "schema_migrations"."version" FROM "schema_migrations" ORDER BY "schema_migrations"."version" ASC[0m
  [1m[35m (2.6ms)[0m  [1m[32mINSERT INTO "schema_migrations" (version) VALUES (20210128203729)[0m
  [1m[35m (1.4ms)[0m  [1m[32mINSERT INTO "schema_migrations" (version) VALUES
(20210128203340);

[0m
  [1m[35m (3.1ms)[0m  [1m[35mCREATE TABLE "ar_internal_metadata" ("key" varchar NOT NULL PRIMARY KEY, "value" varchar, "created_at" datetime(6) NOT NULL, "updated_at" datetime(6) NOT NULL)[0m
  [1m[36mActiveRecord::InternalMetadata Load (0.2ms)[0m  [1m[34mSELECT "ar_internal_metadata".* FROM "ar_internal_metadata" WHERE "ar_internal_metadata"."key" = ? LIMIT ?[0m  [["key", "environment"], ["LIMIT", 1]]
  [1m[35m (0.0ms)[0m  [1m[36mbegin transaction[0m
  [1m[36mActiveRecord::InternalMetadata Create (0.4ms)[0m  [1m[32mINSERT INTO "ar_internal_metadata" ("key", "value", "created_at", "updated_at") VALUES (?, ?, ?, ?)[0m  [["key", "environment"], ["value", "development"], ["created_at", "2021-01-31 00:34:47.653542"], ["updated_at", "2021-01-31 00:34:47.653542"]]
  [1m[35m (1.7ms)[0m  [1m[36mcommit transaction[0m
  [1m[36mActiveRecord::InternalMetadata Load (0.1ms)[0m  [1m[34mSELECT "ar_internal_metadata".* FROM "ar_internal_metadata" WHERE "ar_internal_metadata"."key" = ? LIMIT ?[0m  [["key", "environment"], ["LIMIT", 1]]
  [1m[35m (0.1ms)[0m  [1m[36mbegin transaction[0m
  [1m[36mActiveRecord::InternalMetadata Update (0.5ms)[0m  [1m[33mUPDATE "ar_internal_metadata" SET "value" = ?, "updated_at" = ? WHERE "ar_internal_metadata"."key" = ?[0m  [["value", "test"], ["updated_at", "2021-01-31 00:34:47.661744"], ["key", "environment"]]
  [1m[35m (2.5ms)[0m  [1m[36mcommit transaction[0m
  [1m[36mActiveRecord::InternalMetadata Load (0.1ms)[0m  [1m[34mSELECT "ar_internal_metadata".* FROM "ar_internal_metadata" WHERE "ar_internal_metadata"."key" = ? LIMIT ?[0m  [["key", "schema_sha1"], ["LIMIT", 1]]
  [1m[35m (0.1ms)[0m  [1m[36mbegin transaction[0m
  [1m[36mActiveRecord::InternalMetadata Create (0.4ms)[0m  [1m[32mINSERT INTO "ar_internal_metadata" ("key", "value", "created_at", "updated_at") VALUES (?, ?, ?, ?)[0m  [["key", "schema_sha1"], ["value", "25ada4212d2fae87ca86895016ba690baefa4c8b"], ["created_at", "2021-01-31 00:34:47.674376"], ["updated_at", "2021-01-31 00:34:47.674376"]]
  [1m[35m (2.6ms)[0m  [1m[36mcommit transaction[0m
  [1m[35m (0.1ms)[0m  [1m[34mSELECT sqlite_version(*)[0m
  [1m[35m (0.2ms)[0m  [1m[34mSELECT "schema_migrations"."version" FROM "schema_migrations" ORDER BY "schema_migrations"."version" ASC[0m
  [1m[35m (0.1ms)[0m  [1m[34mSELECT sqlite_version(*)[0m
  [1m[35m (0.1ms)[0m  [1m[36mbegin transaction[0m
  [1m[36mProject Create (0.4ms)[0m  [1m[32mINSERT INTO "projects" ("name", "desc", "created_at", "updated_at") VALUES (?, ?, ?, ?)[0m  [["name", "dragonball"], ["desc", "Favorite wishing sphere in the dragonball universe"], ["created_at", "2021-01-31 00:34:47.713388"], ["updated_at", "2021-01-31 00:34:47.713388"]]
  [1m[35m (2.3ms)[0m  [1m[36mcommit transaction[0m
  [1m[35m (0.1ms)[0m  [1m[36mbegin transaction[0m
  [1m[36mProject Create (0.4ms)[0m  [1m[32mINSERT INTO "projects" ("name", "desc", "created_at", "updated_at") VALUES (?, ?, ?, ?)[0m  [["name", "pokeball"], ["desc", "Jail sphere for amazing fantastical animals"], ["created_at", "2021-01-31 00:34:47.720779"], ["updated_at", "2021-01-31 00:34:47.720779"]]
  [1m[35m (2.7ms)[0m  [1m[36mcommit transaction[0m
  [1m[35m (0.1ms)[0m  [1m[36mbegin transaction[0m
  [1m[36mProject Create (1.1ms)[0m  [1m[32mINSERT INTO "projects" ("name", "desc", "created_at", "updated_at") VALUES (?, ?, ?, ?)[0m  [["name", "jigglypuff"], ["desc", "Round singy sphere of anger"], ["created_at", "2021-01-31 00:34:47.728600"], ["updated_at", "2021-01-31 00:34:47.728600"]]
  [1m[35m (1.1ms)[0m  [1m[36mcommit transaction[0m
  [1m[35m (0.1ms)[0m  [1m[36mbegin transaction[0m
  [1m[36mProject Create (0.5ms)[0m  [1m[32mINSERT INTO "projects" ("name", "desc", "created_at", "updated_at") VALUES (?, ?, ?, ?)[0m  [["name", "cateye"], ["desc", "Shiny sphere that see's all"], ["created_at", "2021-01-31 00:34:47.735785"], ["updated_at", "2021-01-31 00:34:47.735785"]]
  [1m[35m (2.7ms)[0m  [1m[36mcommit transaction[0m
  [1m[35m (0.1ms)[0m  [1m[36mbegin transaction[0m
  [1m[36mProject Create (0.7ms)[0m  [1m[32mINSERT INTO "projects" ("name", "desc", "created_at", "updated_at") VALUES (?, ?, ?, ?)[0m  [["name", "butterfly brooch"], ["desc", "Beautifully embroidered butterfly"], ["created_at", "2021-01-31 00:34:47.744441"], ["updated_at", "2021-01-31 00:34:47.744441"]]
  [1m[35m (1.0ms)[0m  [1m[36mcommit transaction[0m
  [1m[35m (0.1ms)[0m  [1m[36mbegin transaction[0m
  [1m[36mProject Load (0.2ms)[0m  [1m[34mSELECT "projects".* FROM "projects" WHERE "projects"."id" = ? LIMIT ?[0m  [["id", 1], ["LIMIT", 1]]
  [1m[36mBead Create (0.4ms)[0m  [1m[32mINSERT INTO "beads" ("name", "bead_type", "color", "project_id", "created_at", "updated_at") VALUES (?, ?, ?, ?, ?, ?)[0m  [["name", "Miyuki"], ["bead_type", "Seed Bead"], ["color", "Orange"], ["project_id", 1], ["created_at", "2021-01-31 00:34:47.805488"], ["updated_at", "2021-01-31 00:34:47.805488"]]
  [1m[35m (2.6ms)[0m  [1m[36mcommit transaction[0m
  [1m[35m (0.1ms)[0m  [1m[36mbegin transaction[0m
  [1m[36mProject Load (0.2ms)[0m  [1m[34mSELECT "projects".* FROM "projects" WHERE "projects"."id" = ? LIMIT ?[0m  [["id", 1], ["LIMIT", 1]]
  [1m[36mBead Create (0.5ms)[0m  [1m[32mINSERT INTO "beads" ("name", "bead_type", "color", "project_id", "created_at", "updated_at") VALUES (?, ?, ?, ?, ?, ?)[0m  [["name", "Miyuki"], ["bead_type", "Seed Bead"], ["color", "Burnt Sienna"], ["project_id", 1], ["created_at", "2021-01-31 00:34:47.830455"], ["updated_at", "2021-01-31 00:34:47.830455"]]
  [1m[35m (0.9ms)[0m  [1m[36mcommit transaction[0m
  [1m[35m (0.1ms)[0m  [1m[36mbegin transaction[0m
  [1m[36mProject Load (0.1ms)[0m  [1m[34mSELECT "projects".* FROM "projects" WHERE "projects"."id" = ? LIMIT ?[0m  [["id", 4], ["LIMIT", 1]]
  [1m[36mBead Create (0.5ms)[0m  [1m[32mINSERT INTO "beads" ("name", "bead_type", "color", "project_id", "created_at", "updated_at") VALUES (?, ?, ?, ?, ?, ?)[0m  [["name", "TOHO"], ["bead_type", "Seed Bead"], ["color", "Blue"], ["project_id", 4], ["created_at", "2021-01-31 00:34:47.838631"], ["updated_at", "2021-01-31 00:34:47.838631"]]
  [1m[35m (2.5ms)[0m  [1m[36mcommit transaction[0m
  [1m[35m (0.1ms)[0m  [1m[36mbegin transaction[0m
  [1m[36mProject Load (0.2ms)[0m  [1m[34mSELECT "projects".* FROM "projects" WHERE "projects"."id" = ? LIMIT ?[0m  [["id", 1], ["LIMIT", 1]]
  [1m[36mBead Create (0.4ms)[0m  [1m[32mINSERT INTO "beads" ("name", "bead_type", "color", "project_id", "created_at", "updated_at") VALUES (?, ?, ?, ?, ?, ?)[0m  [["name", "TOHO"], ["bead_type", "Seed Bead"], ["color", "Red"], ["project_id", 1], ["created_at", "2021-01-31 00:34:47.848720"], ["updated_at", "2021-01-31 00:34:47.848720"]]
  [1m[35m (1.1ms)[0m  [1m[36mcommit transaction[0m
  [1m[35m (0.1ms)[0m  [1m[36mbegin transaction[0m
  [1m[36mProject Load (0.2ms)[0m  [1m[34mSELECT "projects".* FROM "projects" WHERE "projects"."id" = ? LIMIT ?[0m  [["id", 4], ["LIMIT", 1]]
  [1m[36mBead Create (0.5ms)[0m  [1m[32mINSERT INTO "beads" ("name", "bead_type", "color", "project_id", "created_at", "updated_at") VALUES (?, ?, ?, ?, ?, ?)[0m  [["name", "Czech"], ["bead_type", "Super Duo"], ["color", "Yellow"], ["project_id", 4], ["created_at", "2021-01-31 00:34:47.856256"], ["updated_at", "2021-01-31 00:34:47.856256"]]
  [1m[35m (2.8ms)[0m  [1m[36mcommit transaction[0m
  [1m[35m (3.5ms)[0m  [1m[34mSELECT sqlite_version(*)[0m
  [1m[36mProject Load (0.3ms)[0m  [1m[34mSELECT "projects".* FROM "projects" ORDER BY "projects"."id" ASC LIMIT ?[0m  [["LIMIT", 1]]
  [1m[36mBead Load (0.2ms)[0m  [1m[34mSELECT "beads".* FROM "beads" ORDER BY "beads"."id" ASC LIMIT ?[0m  [["LIMIT", 1]]
  [1m[36mProject Load (0.2ms)[0m  [1m[34mSELECT "projects".* FROM "projects" ORDER BY "projects"."id" ASC LIMIT ?[0m  [["LIMIT", 1]]
  [1m[36mBead Load (0.3ms)[0m  [1m[34mSELECT "beads".* FROM "beads" WHERE "beads"."project_id" = ? LIMIT ?[0m  [["project_id", 1], ["LIMIT", 11]]
  [1m[36mBead Load (0.7ms)[0m  [1m[34mSELECT "beads".* FROM "beads" WHERE "beads"."project_id" = ? ORDER BY "beads"."id" ASC LIMIT ? OFFSET ?[0m  [["project_id", 1], ["LIMIT", 1], ["OFFSET", 1]]
  [1m[36mBead Load (0.3ms)[0m  [1m[34mSELECT "beads".* FROM "beads" WHERE "beads"."project_id" = ? ORDER BY "beads"."id" ASC LIMIT ? OFFSET ?[0m  [["project_id", 1], ["LIMIT", 1], ["OFFSET", 1]]
  [1m[36mBead Load (0.4ms)[0m  [1m[34mSELECT "beads".* FROM "beads" WHERE "beads"."project_id" = ? ORDER BY "beads"."id" ASC LIMIT ? OFFSET ?[0m  [["project_id", 1], ["LIMIT", 1], ["OFFSET", 1]]
  [1m[36mBead Load (0.3ms)[0m  [1m[34mSELECT "beads".* FROM "beads" WHERE "beads"."project_id" = ? ORDER BY "beads"."id" ASC LIMIT ? OFFSET ?[0m  [["project_id", 1], ["LIMIT", 1], ["OFFSET", 1]]
  [1m[35m (3.7ms)[0m  [1m[34mSELECT sqlite_version(*)[0m
  [1m[35m (2.3ms)[0m  [1m[34mSELECT "schema_migrations"."version" FROM "schema_migrations" ORDER BY "schema_migrations"."version" ASC[0m
  [1m[35m (2.7ms)[0m  [1m[34mSELECT "ar_internal_metadata"."value" FROM "ar_internal_metadata" WHERE "ar_internal_metadata"."key" = ?[0m  [["key", "environment"]]
  [1m[35m (0.1ms)[0m  [1m[34mSELECT "schema_migrations"."version" FROM "schema_migrations" ORDER BY "schema_migrations"."version" ASC[0m
  [1m[35m (0.2ms)[0m  [1m[34mSELECT "ar_internal_metadata"."value" FROM "ar_internal_metadata" WHERE "ar_internal_metadata"."key" = ?[0m  [["key", "environment"]]
  [1m[35m (0.1ms)[0m  [1m[34mSELECT "schema_migrations"."version" FROM "schema_migrations" ORDER BY "schema_migrations"."version" ASC[0m
  [1m[35m (0.1ms)[0m  [1m[34mSELECT "ar_internal_metadata"."value" FROM "ar_internal_metadata" WHERE "ar_internal_metadata"."key" = ?[0m  [["key", "environment"]]
  [1m[35m (0.1ms)[0m  [1m[34mSELECT sqlite_version(*)[0m
  [1m[35m (0.1ms)[0m  [1m[34mSELECT sqlite_version(*)[0m
  [1m[35m (0.1ms)[0m  [1m[34mSELECT sqlite_version(*)[0m
  [1m[35m (0.2ms)[0m  [1m[35mDROP TABLE IF EXISTS "beads"[0m
  [1m[35m (3.8ms)[0m  [1m[35mCREATE TABLE "beads" ("id" integer PRIMARY KEY AUTOINCREMENT NOT NULL, "name" varchar, "bead_type" varchar, "color" varchar, "project_id" integer, "created_at" datetime(6) NOT NULL, "updated_at" datetime(6) NOT NULL)[0m
  [1m[35m (0.2ms)[0m  [1m[35mDROP TABLE IF EXISTS "projects"[0m
  [1m[35m (6.7ms)[0m  [1m[35mCREATE TABLE "projects" ("id" integer PRIMARY KEY AUTOINCREMENT NOT NULL, "name" varchar, "desc" varchar, "created_at" datetime(6) NOT NULL, "updated_at" datetime(6) NOT NULL)[0m
  [1m[35m (3.3ms)[0m  [1m[35mCREATE TABLE "schema_migrations" ("version" varchar NOT NULL PRIMARY KEY)[0m
  [1m[35m (0.1ms)[0m  [1m[34mSELECT "schema_migrations"."version" FROM "schema_migrations" ORDER BY "schema_migrations"."version" ASC[0m
  [1m[35m (2.9ms)[0m  [1m[32mINSERT INTO "schema_migrations" (version) VALUES (20210128203729)[0m
  [1m[35m (3.2ms)[0m  [1m[32mINSERT INTO "schema_migrations" (version) VALUES
(20210128203340);

[0m
  [1m[35m (3.4ms)[0m  [1m[35mCREATE TABLE "ar_internal_metadata" ("key" varchar NOT NULL PRIMARY KEY, "value" varchar, "created_at" datetime(6) NOT NULL, "updated_at" datetime(6) NOT NULL)[0m
  [1m[36mActiveRecord::InternalMetadata Load (0.2ms)[0m  [1m[34mSELECT "ar_internal_metadata".* FROM "ar_internal_metadata" WHERE "ar_internal_metadata"."key" = ? LIMIT ?[0m  [["key", "environment"], ["LIMIT", 1]]
  [1m[35m (0.1ms)[0m  [1m[36mbegin transaction[0m
  [1m[36mActiveRecord::InternalMetadata Create (0.5ms)[0m  [1m[32mINSERT INTO "ar_internal_metadata" ("key", "value", "created_at", "updated_at") VALUES (?, ?, ?, ?)[0m  [["key", "environment"], ["value", "development"], ["created_at", "2021-01-31 00:36:34.191099"], ["updated_at", "2021-01-31 00:36:34.191099"]]
  [1m[35m (2.9ms)[0m  [1m[36mcommit transaction[0m
  [1m[36mActiveRecord::InternalMetadata Load (0.2ms)[0m  [1m[34mSELECT "ar_internal_metadata".* FROM "ar_internal_metadata" WHERE "ar_internal_metadata"."key" = ? LIMIT ?[0m  [["key", "environment"], ["LIMIT", 1]]
  [1m[36mActiveRecord::InternalMetadata Load (0.1ms)[0m  [1m[34mSELECT "ar_internal_metadata".* FROM "ar_internal_metadata" WHERE "ar_internal_metadata"."key" = ? LIMIT ?[0m  [["key", "schema_sha1"], ["LIMIT", 1]]
  [1m[35m (0.1ms)[0m  [1m[36mbegin transaction[0m
  [1m[36mActiveRecord::InternalMetadata Create (0.5ms)[0m  [1m[32mINSERT INTO "ar_internal_metadata" ("key", "value", "created_at", "updated_at") VALUES (?, ?, ?, ?)[0m  [["key", "schema_sha1"], ["value", "25ada4212d2fae87ca86895016ba690baefa4c8b"], ["created_at", "2021-01-31 00:36:34.206800"], ["updated_at", "2021-01-31 00:36:34.206800"]]
  [1m[35m (2.5ms)[0m  [1m[36mcommit transaction[0m
  [1m[35m (0.1ms)[0m  [1m[34mSELECT sqlite_version(*)[0m
  [1m[35m (0.2ms)[0m  [1m[35mDROP TABLE IF EXISTS "beads"[0m
  [1m[35m (3.1ms)[0m  [1m[35mCREATE TABLE "beads" ("id" integer PRIMARY KEY AUTOINCREMENT NOT NULL, "name" varchar, "bead_type" varchar, "color" varchar, "project_id" integer, "created_at" datetime(6) NOT NULL, "updated_at" datetime(6) NOT NULL)[0m
  [1m[35m (0.2ms)[0m  [1m[35mDROP TABLE IF EXISTS "projects"[0m
  [1m[35m (3.9ms)[0m  [1m[35mCREATE TABLE "projects" ("id" integer PRIMARY KEY AUTOINCREMENT NOT NULL, "name" varchar, "desc" varchar, "created_at" datetime(6) NOT NULL, "updated_at" datetime(6) NOT NULL)[0m
  [1m[35m (2.9ms)[0m  [1m[35mCREATE TABLE "schema_migrations" ("version" varchar NOT NULL PRIMARY KEY)[0m
  [1m[35m (0.2ms)[0m  [1m[34mSELECT "schema_migrations"."version" FROM "schema_migrations" ORDER BY "schema_migrations"."version" ASC[0m
  [1m[35m (6.6ms)[0m  [1m[32mINSERT INTO "schema_migrations" (version) VALUES (20210128203729)[0m
  [1m[35m (3.0ms)[0m  [1m[32mINSERT INTO "schema_migrations" (version) VALUES
(20210128203340);

[0m
  [1m[35m (3.0ms)[0m  [1m[35mCREATE TABLE "ar_internal_metadata" ("key" varchar NOT NULL PRIMARY KEY, "value" varchar, "created_at" datetime(6) NOT NULL, "updated_at" datetime(6) NOT NULL)[0m
  [1m[36mActiveRecord::InternalMetadata Load (0.2ms)[0m  [1m[34mSELECT "ar_internal_metadata".* FROM "ar_internal_metadata" WHERE "ar_internal_metadata"."key" = ? LIMIT ?[0m  [["key", "environment"], ["LIMIT", 1]]
  [1m[35m (0.1ms)[0m  [1m[36mbegin transaction[0m
  [1m[36mActiveRecord::InternalMetadata Create (0.4ms)[0m  [1m[32mINSERT INTO "ar_internal_metadata" ("key", "value", "created_at", "updated_at") VALUES (?, ?, ?, ?)[0m  [["key", "environment"], ["value", "development"], ["created_at", "2021-01-31 00:36:34.267340"], ["updated_at", "2021-01-31 00:36:34.267340"]]
  [1m[35m (2.6ms)[0m  [1m[36mcommit transaction[0m
  [1m[36mActiveRecord::InternalMetadata Load (0.1ms)[0m  [1m[34mSELECT "ar_internal_metadata".* FROM "ar_internal_metadata" WHERE "ar_internal_metadata"."key" = ? LIMIT ?[0m  [["key", "environment"], ["LIMIT", 1]]
  [1m[35m (0.1ms)[0m  [1m[36mbegin transaction[0m
  [1m[36mActiveRecord::InternalMetadata Update (0.9ms)[0m  [1m[33mUPDATE "ar_internal_metadata" SET "value" = ?, "updated_at" = ? WHERE "ar_internal_metadata"."key" = ?[0m  [["value", "test"], ["updated_at", "2021-01-31 00:36:34.277303"], ["key", "environment"]]
  [1m[35m (2.5ms)[0m  [1m[36mcommit transaction[0m
  [1m[36mActiveRecord::InternalMetadata Load (0.3ms)[0m  [1m[34mSELECT "ar_internal_metadata".* FROM "ar_internal_metadata" WHERE "ar_internal_metadata"."key" = ? LIMIT ?[0m  [["key", "schema_sha1"], ["LIMIT", 1]]
  [1m[35m (0.1ms)[0m  [1m[36mbegin transaction[0m
  [1m[36mActiveRecord::InternalMetadata Create (0.4ms)[0m  [1m[32mINSERT INTO "ar_internal_metadata" ("key", "value", "created_at", "updated_at") VALUES (?, ?, ?, ?)[0m  [["key", "schema_sha1"], ["value", "25ada4212d2fae87ca86895016ba690baefa4c8b"], ["created_at", "2021-01-31 00:36:34.290669"], ["updated_at", "2021-01-31 00:36:34.290669"]]
  [1m[35m (4.9ms)[0m  [1m[36mcommit transaction[0m
  [1m[35m (0.1ms)[0m  [1m[34mSELECT sqlite_version(*)[0m
  [1m[35m (0.1ms)[0m  [1m[34mSELECT "schema_migrations"."version" FROM "schema_migrations" ORDER BY "schema_migrations"."version" ASC[0m
  [1m[35m (0.1ms)[0m  [1m[34mSELECT sqlite_version(*)[0m
  [1m[35m (0.1ms)[0m  [1m[36mbegin transaction[0m
  [1m[36mProject Create (0.5ms)[0m  [1m[32mINSERT INTO "projects" ("name", "desc", "created_at", "updated_at") VALUES (?, ?, ?, ?)[0m  [["name", "dragonball"], ["desc", "Favorite wishing sphere in the dragonball universe"], ["created_at", "2021-01-31 00:36:34.344310"], ["updated_at", "2021-01-31 00:36:34.344310"]]
  [1m[35m (2.3ms)[0m  [1m[36mcommit transaction[0m
  [1m[35m (0.1ms)[0m  [1m[36mbegin transaction[0m
  [1m[36mProject Create (0.4ms)[0m  [1m[32mINSERT INTO "projects" ("name", "desc", "created_at", "updated_at") VALUES (?, ?, ?, ?)[0m  [["name", "pokeball"], ["desc", "Jail sphere for amazing fantastical animals"], ["created_at", "2021-01-31 00:36:34.352458"], ["updated_at", "2021-01-31 00:36:34.352458"]]
  [1m[35m (2.4ms)[0m  [1m[36mcommit transaction[0m
  [1m[35m (0.1ms)[0m  [1m[36mbegin transaction[0m
  [1m[36mProject Create (1.4ms)[0m  [1m[32mINSERT INTO "projects" ("name", "desc", "created_at", "updated_at") VALUES (?, ?, ?, ?)[0m  [["name", "jigglypuff"], ["desc", "Round singy sphere of anger"], ["created_at", "2021-01-31 00:36:34.359547"], ["updated_at", "2021-01-31 00:36:34.359547"]]
  [1m[35m (2.5ms)[0m  [1m[36mcommit transaction[0m
  [1m[35m (0.1ms)[0m  [1m[36mbegin transaction[0m
  [1m[36mProject Create (0.5ms)[0m  [1m[32mINSERT INTO "projects" ("name", "desc", "created_at", "updated_at") VALUES (?, ?, ?, ?)[0m  [["name", "cateye"], ["desc", "Shiny sphere that see's all"], ["created_at", "2021-01-31 00:36:34.368550"], ["updated_at", "2021-01-31 00:36:34.368550"]]
  [1m[35m (2.7ms)[0m  [1m[36mcommit transaction[0m
  [1m[35m (0.1ms)[0m  [1m[36mbegin transaction[0m
  [1m[36mProject Create (0.4ms)[0m  [1m[32mINSERT INTO "projects" ("name", "desc", "created_at", "updated_at") VALUES (?, ?, ?, ?)[0m  [["name", "butterfly brooch"], ["desc", "Beautifully embroidered butterfly"], ["created_at", "2021-01-31 00:36:34.377738"], ["updated_at", "2021-01-31 00:36:34.377738"]]
  [1m[35m (2.4ms)[0m  [1m[36mcommit transaction[0m
  [1m[35m (0.1ms)[0m  [1m[36mbegin transaction[0m
  [1m[36mProject Load (0.2ms)[0m  [1m[34mSELECT "projects".* FROM "projects" WHERE "projects"."id" = ? LIMIT ?[0m  [["id", 1], ["LIMIT", 1]]
  [1m[36mBead Create (0.4ms)[0m  [1m[32mINSERT INTO "beads" ("name", "bead_type", "color", "project_id", "created_at", "updated_at") VALUES (?, ?, ?, ?, ?, ?)[0m  [["name", "Miyuki"], ["bead_type", "Seed Bead"], ["color", "Orange"], ["project_id", 1], ["created_at", "2021-01-31 00:36:34.427680"], ["updated_at", "2021-01-31 00:36:34.427680"]]
  [1m[35m (2.8ms)[0m  [1m[36mcommit transaction[0m
  [1m[35m (0.4ms)[0m  [1m[36mbegin transaction[0m
  [1m[36mProject Load (0.2ms)[0m  [1m[34mSELECT "projects".* FROM "projects" WHERE "projects"."id" = ? LIMIT ?[0m  [["id", 1], ["LIMIT", 1]]
  [1m[36mBead Create (0.4ms)[0m  [1m[32mINSERT INTO "beads" ("name", "bead_type", "color", "project_id", "created_at", "updated_at") VALUES (?, ?, ?, ?, ?, ?)[0m  [["name", "Miyuki"], ["bead_type", "Seed Bead"], ["color", "Burnt Sienna"], ["project_id", 1], ["created_at", "2021-01-31 00:36:34.453406"], ["updated_at", "2021-01-31 00:36:34.453406"]]
  [1m[35m (2.7ms)[0m  [1m[36mcommit transaction[0m
  [1m[35m (0.1ms)[0m  [1m[36mbegin transaction[0m
  [1m[36mProject Load (0.1ms)[0m  [1m[34mSELECT "projects".* FROM "projects" WHERE "projects"."id" = ? LIMIT ?[0m  [["id", 4], ["LIMIT", 1]]
  [1m[36mBead Create (0.4ms)[0m  [1m[32mINSERT INTO "beads" ("name", "bead_type", "color", "project_id", "created_at", "updated_at") VALUES (?, ?, ?, ?, ?, ?)[0m  [["name", "TOHO"], ["bead_type", "Seed Bead"], ["color", "Blue"], ["project_id", 4], ["created_at", "2021-01-31 00:36:34.463480"], ["updated_at", "2021-01-31 00:36:34.463480"]]
  [1m[35m (2.6ms)[0m  [1m[36mcommit transaction[0m
  [1m[35m (0.1ms)[0m  [1m[36mbegin transaction[0m
  [1m[36mProject Load (0.1ms)[0m  [1m[34mSELECT "projects".* FROM "projects" WHERE "projects"."id" = ? LIMIT ?[0m  [["id", 1], ["LIMIT", 1]]
  [1m[36mBead Create (0.4ms)[0m  [1m[32mINSERT INTO "beads" ("name", "bead_type", "color", "project_id", "created_at", "updated_at") VALUES (?, ?, ?, ?, ?, ?)[0m  [["name", "TOHO"], ["bead_type", "Seed Bead"], ["color", "Red"], ["project_id", 1], ["created_at", "2021-01-31 00:36:34.472695"], ["updated_at", "2021-01-31 00:36:34.472695"]]
  [1m[35m (2.6ms)[0m  [1m[36mcommit transaction[0m
  [1m[35m (0.1ms)[0m  [1m[36mbegin transaction[0m
  [1m[36mProject Load (0.1ms)[0m  [1m[34mSELECT "projects".* FROM "projects" WHERE "projects"."id" = ? LIMIT ?[0m  [["id", 4], ["LIMIT", 1]]
  [1m[36mBead Create (0.4ms)[0m  [1m[32mINSERT INTO "beads" ("name", "bead_type", "color", "project_id", "created_at", "updated_at") VALUES (?, ?, ?, ?, ?, ?)[0m  [["name", "Czech"], ["bead_type", "Super Duo"], ["color", "Yellow"], ["project_id", 4], ["created_at", "2021-01-31 00:36:34.483016"], ["updated_at", "2021-01-31 00:36:34.483016"]]
  [1m[35m (2.6ms)[0m  [1m[36mcommit transaction[0m
Started GET "/projects" for ::1 at 2021-01-30 19:36:52 -0500
  [1m[35m (3.6ms)[0m  [1m[34mSELECT sqlite_version(*)[0m
  [1m[35m (4.9ms)[0m  [1m[34mSELECT "schema_migrations"."version" FROM "schema_migrations" ORDER BY "schema_migrations"."version" ASC[0m
Processing by ProjectsController#index as HTML
  [1m[36mProject Load (2.4ms)[0m  [1m[34mSELECT "projects".* FROM "projects"[0m
  ↳ app/controllers/projects_controller.rb:5:in `index'
Completed 200 OK in 35ms (Views: 16.9ms | ActiveRecord: 3.4ms | Allocations: 6353)


Started GET "/projects/1" for ::1 at 2021-01-30 19:36:57 -0500
Processing by ProjectsController#show as HTML
  Parameters: {"id"=>"1"}
  [1m[36mProject Load (0.7ms)[0m  [1m[34mSELECT "projects".* FROM "projects" WHERE "projects"."id" = ? LIMIT ?[0m  [["id", 1], ["LIMIT", 1]]
  ↳ app/controllers/projects_controller.rb:9:in `show'
Completed 200 OK in 8ms (Views: 0.4ms | ActiveRecord: 0.7ms | Allocations: 1180)


Started GET "/projects" for ::1 at 2021-01-30 19:37:01 -0500
Processing by ProjectsController#index as HTML
  [1m[36mProject Load (0.2ms)[0m  [1m[34mSELECT "projects".* FROM "projects"[0m
  ↳ app/controllers/projects_controller.rb:5:in `index'
Completed 200 OK in 3ms (Views: 3.1ms | ActiveRecord: 0.2ms | Allocations: 1495)


Started GET "/beads" for ::1 at 2021-01-30 19:37:04 -0500
Processing by BeadsController#index as HTML
  [1m[36mBead Load (2.2ms)[0m  [1m[34mSELECT "beads".* FROM "beads"[0m
  ↳ app/controllers/beads_controller.rb:5:in `index'
Completed 200 OK in 27ms (Views: 12.7ms | ActiveRecord: 3.2ms | Allocations: 6990)


Started GET "/beads/1" for ::1 at 2021-01-30 19:37:07 -0500
Processing by BeadsController#show as HTML
  Parameters: {"id"=>"1"}
  [1m[36mBead Load (0.3ms)[0m  [1m[34mSELECT "beads".* FROM "beads" WHERE "beads"."id" = ? LIMIT ?[0m  [["id", 1], ["LIMIT", 1]]
  ↳ app/controllers/beads_controller.rb:9:in `show'
Completed 200 OK in 3ms (Views: 0.5ms | ActiveRecord: 0.3ms | Allocations: 891)


Started GET "/beads" for ::1 at 2021-01-30 19:37:13 -0500
Processing by BeadsController#index as HTML
  [1m[36mBead Load (0.3ms)[0m  [1m[34mSELECT "beads".* FROM "beads"[0m
  ↳ app/controllers/beads_controller.rb:5:in `index'
Completed 200 OK in 5ms (Views: 4.1ms | ActiveRecord: 0.3ms | Allocations: 1583)


